{
  "stats": {
    "suites": 1,
    "tests": 1,
    "passes": 1,
    "pending": 0,
    "failures": 0,
    "start": "2025-07-07T01:17:52.713Z",
    "end": "2025-07-07T01:17:55.349Z",
    "duration": 2636,
    "testsRegistered": 1,
    "passPercent": 100,
    "pendingPercent": 0,
    "other": 0,
    "hasOther": false,
    "skipped": 0,
    "hasSkipped": false
  },
  "results": [
    {
      "uuid": "05b9198f-e9c7-4c2b-97e4-7395e24a0ac1",
      "title": "",
      "fullFile": "cypress/e2e/assertion_demo.cy.js",
      "file": "cypress/e2e/assertion_demo.cy.js",
      "beforeHooks": [],
      "afterHooks": [],
      "tests": [],
      "suites": [
        {
          "uuid": "e76503b5-9113-4403-8072-bd62a83819a7",
          "title": "This is assertion learning test",
          "fullFile": "",
          "file": "",
          "beforeHooks": [],
          "afterHooks": [],
          "tests": [
            {
              "title": "Checking some assertion",
              "fullTitle": "This is assertion learning test Checking some assertion",
              "timedOut": null,
              "duration": 773,
              "state": "passed",
              "speed": "fast",
              "pass": true,
              "fail": false,
              "pending": false,
              "context": "{\n  \"title\": \"cypress-mochawesome-reporter-videos-passed\",\n  \"value\": \"cypress/e2e/assertion_demo.cy.js\"\n}",
              "code": "cy.visit('https://example.cypress.io');\ncy.contains('get').click();\n// id is always written with # amd class is added with .\ncy.get('#query-btn').should('contain', 'Button').should('have.class', 'query-btn').and('be.visible').and('be.enabled');\nexpect(true).to.be.true;\nassert.equal(4, '4', 'EQUAL');\nassert.strictEqual(4, 4, 'YES EQUAL');",
              "err": {},
              "uuid": "b035ae9c-6e68-478b-bf28-c6ca2069cad4",
              "parentUUID": "e76503b5-9113-4403-8072-bd62a83819a7",
              "isHook": false,
              "skipped": false
            }
          ],
          "suites": [],
          "passes": [
            "b035ae9c-6e68-478b-bf28-c6ca2069cad4"
          ],
          "failures": [],
          "pending": [],
          "skipped": [],
          "duration": 773,
          "root": false,
          "rootEmpty": false,
          "_timeout": 2000
        }
      ],
      "passes": [],
      "failures": [],
      "pending": [],
      "skipped": [],
      "duration": 0,
      "root": true,
      "rootEmpty": true,
      "_timeout": 2000
    }
  ],
  "meta": {
    "mocha": {
      "version": "7.2.0"
    },
    "mochawesome": {
      "options": {
        "quiet": false,
        "reportFilename": "mochawesome",
        "saveHtml": false,
        "saveJson": true,
        "consoleReporter": "spec",
        "useInlineDiffs": false,
        "code": true
      },
      "version": "7.1.3"
    },
    "marge": {
      "options": {
        "overwrite": false,
        "html": false,
        "json": true,
        "reportDir": "cypress/reports/html/.jsons"
      },
      "version": "6.2.0"
    }
  }
}